[13Aug2025 00:02:54.571] [Server thread/INFO] [arcaios26.supersaturation.SuperSaturation/]: saturation: 0.0
[13Aug2025 00:02:54.577] [Server thread/INFO] [arcaios26.supersaturation.SuperSaturation/]: hunger: 0
[13Aug2025 00:03:14.668] [Worker-Main-47/WARN] [net.minecraft.world.level.levelgen.heightproviders.UniformHeight/]: Empty height range: [6 above bottom--1 absolute]
[13Aug2025 00:04:12.182] [Server thread/INFO] [de.melanx.simplebackups.SimpleBackups/]: Backup done.
[13Aug2025 00:04:12.189] [SimpleBackups/INFO] [de.melanx.simplebackups.BackupThread/]: Successfully deleted "world_2025-08-12_14-33-49.zip"
[13Aug2025 00:12:09.182] [Server thread/INFO] [arcaios26.supersaturation.SuperSaturation/]: saturation: 0.0
[13Aug2025 00:12:09.186] [Server thread/INFO] [arcaios26.supersaturation.SuperSaturation/]: hunger: 0
[13Aug2025 00:20:19.687] [Server thread/INFO] [arcaios26.supersaturation.SuperSaturation/]: saturation: 0.0
[13Aug2025 00:20:19.687] [Server thread/INFO] [arcaios26.supersaturation.SuperSaturation/]: hunger: 0
[13Aug2025 00:34:13.161] [Server thread/INFO] [de.melanx.simplebackups.SimpleBackups/]: Backup done.
[13Aug2025 00:34:13.168] [SimpleBackups/INFO] [de.melanx.simplebackups.BackupThread/]: Successfully deleted "world_2025-08-12_16-33-49.zip"
[13Aug2025 01:04:14.161] [Server thread/INFO] [de.melanx.simplebackups.SimpleBackups/]: Backup done.
[13Aug2025 01:04:14.169] [SimpleBackups/INFO] [de.melanx.simplebackups.BackupThread/]: Successfully deleted "world_2025-08-12_18-33-49.zip"
[13Aug2025 01:34:15.162] [Server thread/INFO] [de.melanx.simplebackups.SimpleBackups/]: Backup done.
[13Aug2025 01:34:15.175] [SimpleBackups/INFO] [de.melanx.simplebackups.BackupThread/]: Successfully deleted "world_2025-08-12_23-04-10.zip"
[13Aug2025 02:04:16.162] [Server thread/INFO] [de.melanx.simplebackups.SimpleBackups/]: Backup done.
[13Aug2025 02:04:16.177] [SimpleBackups/INFO] [de.melanx.simplebackups.BackupThread/]: Successfully deleted "world_2025-08-12_23-34-11.zip"
[13Aug2025 02:34:17.162] [Server thread/INFO] [de.melanx.simplebackups.SimpleBackups/]: Backup done.
[13Aug2025 02:34:17.173] [SimpleBackups/INFO] [de.melanx.simplebackups.BackupThread/]: Successfully deleted "world_2025-08-13_00-04-12.zip"
[13Aug2025 03:04:18.162] [Server thread/INFO] [de.melanx.simplebackups.SimpleBackups/]: Backup done.
[13Aug2025 03:04:18.172] [SimpleBackups/INFO] [de.melanx.simplebackups.BackupThread/]: Successfully deleted "world_2025-08-13_00-34-13.zip"
[13Aug2025 03:34:19.159] [Server thread/INFO] [de.melanx.simplebackups.SimpleBackups/]: Backup done.
[13Aug2025 03:34:19.164] [SimpleBackups/INFO] [de.melanx.simplebackups.BackupThread/]: Successfully deleted "world_2025-08-13_01-04-14.zip"
[13Aug2025 04:04:19.162] [Server thread/INFO] [de.melanx.simplebackups.SimpleBackups/]: Backup done.
[13Aug2025 04:04:19.173] [SimpleBackups/INFO] [de.melanx.simplebackups.BackupThread/]: Successfully deleted "world_2025-08-13_01-34-15.zip"
[13Aug2025 04:34:20.162] [Server thread/INFO] [de.melanx.simplebackups.SimpleBackups/]: Backup done.
[13Aug2025 04:34:20.175] [SimpleBackups/INFO] [de.melanx.simplebackups.BackupThread/]: Successfully deleted "world_2025-08-13_02-04-16.zip"
[13Aug2025 05:04:21.163] [Server thread/INFO] [de.melanx.simplebackups.SimpleBackups/]: Backup done.
[13Aug2025 05:04:21.176] [SimpleBackups/INFO] [de.melanx.simplebackups.BackupThread/]: Successfully deleted "world_2025-08-13_02-34-17.zip"
[13Aug2025 05:34:22.163] [Server thread/INFO] [de.melanx.simplebackups.SimpleBackups/]: Backup done.
[13Aug2025 05:34:22.173] [SimpleBackups/INFO] [de.melanx.simplebackups.BackupThread/]: Successfully deleted "world_2025-08-13_03-04-18.zip"
[13Aug2025 06:04:23.164] [Server thread/INFO] [de.melanx.simplebackups.SimpleBackups/]: Backup done.
[13Aug2025 06:04:23.176] [SimpleBackups/INFO] [de.melanx.simplebackups.BackupThread/]: Successfully deleted "world_2025-08-13_03-34-19.zip"
[13Aug2025 06:34:24.161] [Server thread/INFO] [de.melanx.simplebackups.SimpleBackups/]: Backup done.
[13Aug2025 06:34:24.174] [SimpleBackups/INFO] [de.melanx.simplebackups.BackupThread/]: Successfully deleted "world_2025-08-13_04-04-19.zip"
[13Aug2025 06:55:17.366] [Server thread/INFO] [arcaios26.supersaturation.SuperSaturation/]: saturation: 0.0
[13Aug2025 06:55:17.367] [Server thread/INFO] [arcaios26.supersaturation.SuperSaturation/]: hunger: 0
[13Aug2025 07:04:25.161] [Server thread/INFO] [de.melanx.simplebackups.SimpleBackups/]: Backup done.
[13Aug2025 07:04:25.174] [SimpleBackups/INFO] [de.melanx.simplebackups.BackupThread/]: Successfully deleted "world_2025-08-13_04-34-20.zip"
[13Aug2025 07:11:35.566] [Server thread/INFO] [arcaios26.supersaturation.SuperSaturation/]: saturation: 0.0
[13Aug2025 07:11:35.567] [Server thread/INFO] [arcaios26.supersaturation.SuperSaturation/]: hunger: 0
[13Aug2025 07:27:25.819] [Server thread/INFO] [arcaios26.supersaturation.SuperSaturation/]: saturation: 0.0
[13Aug2025 07:27:25.820] [Server thread/INFO] [arcaios26.supersaturation.SuperSaturation/]: hunger: 0
[13Aug2025 07:34:26.160] [Server thread/INFO] [de.melanx.simplebackups.SimpleBackups/]: Backup done.
[13Aug2025 07:34:26.169] [SimpleBackups/INFO] [de.melanx.simplebackups.BackupThread/]: Successfully deleted "world_2025-08-13_05-04-21.zip"
[13Aug2025 07:38:58.171] [Server thread/INFO] [fastsuite/]: Constructed recipe list for create:mechanical_crafting in 679.8 ?s. 0/1113 recipes are parallelized.
[13Aug2025 07:46:34.565] [Server thread/INFO] [net.minecraft.server.network.ServerGamePacketListenerImpl/]: TrieuVeGa lost connection: Disconnected
[13Aug2025 07:46:34.569] [Server thread/INFO] [net.minecraft.server.MinecraftServer/]: TrieuVeGa left the game
[13Aug2025 07:46:39.511] [Server thread/INFO] [net.minecraft.server.MinecraftServer/]: Stopping the server
[13Aug2025 07:46:39.579] [Server thread/INFO] [net.minecraft.server.MinecraftServer/]: Stopping server
[13Aug2025 07:46:39.580] [Server thread/INFO] [net.minecraft.server.MinecraftServer/]: Saving players
[13Aug2025 07:46:39.580] [Server thread/INFO] [net.minecraft.server.MinecraftServer/]: Saving worlds
[13Aug2025 07:46:39.619] [Server thread/INFO] [net.minecraft.server.MinecraftServer/]: Saving chunks for level 'ServerLevel[world]'/minecraft:overworld
[13Aug2025 07:46:39.733] [Server thread/INFO] [net.minecraft.server.MinecraftServer/]: Saving chunks for level 'ServerLevel[world]'/minecraft:the_nether
[13Aug2025 07:46:39.735] [Server thread/INFO] [net.minecraft.server.MinecraftServer/]: Saving chunks for level 'ServerLevel[world]'/ad_astra:mercury_orbit
[13Aug2025 07:46:39.736] [Server thread/INFO] [net.minecraft.server.MinecraftServer/]: Saving chunks for level 'ServerLevel[world]'/ad_astra:moon_orbit
[13Aug2025 07:46:39.737] [Server thread/INFO] [net.minecraft.server.MinecraftServer/]: Saving chunks for level 'ServerLevel[world]'/ad_astra:glacio_orbit
[13Aug2025 07:46:39.739] [Server thread/INFO] [net.minecraft.server.MinecraftServer/]: Saving chunks for level 'ServerLevel[world]'/ad_astra:mars
[13Aug2025 07:46:39.740] [Server thread/INFO] [net.minecraft.server.MinecraftServer/]: Saving chunks for level 'ServerLevel[world]'/ad_astra:earth_orbit
[13Aug2025 07:46:39.741] [Server thread/INFO] [net.minecraft.server.MinecraftServer/]: Saving chunks for level 'ServerLevel[world]'/ad_astra:venus
[13Aug2025 07:46:39.742] [Server thread/INFO] [net.minecraft.server.MinecraftServer/]: Saving chunks for level 'ServerLevel[world]'/witherstormmod:bowels
[13Aug2025 07:46:39.745] [Server thread/INFO] [net.minecraft.server.MinecraftServer/]: Saving chunks for level 'ServerLevel[world]'/ad_astra:mars_orbit
[13Aug2025 07:46:39.746] [Server thread/INFO] [net.minecraft.server.MinecraftServer/]: Saving chunks for level 'ServerLevel[world]'/ad_astra:glacio
[13Aug2025 07:46:39.748] [Server thread/INFO] [net.minecraft.server.MinecraftServer/]: Saving chunks for level 'ServerLevel[world]'/kubejs:crash_site
[13Aug2025 07:46:39.759] [Server thread/INFO] [net.minecraft.server.MinecraftServer/]: Saving chunks for level 'ServerLevel[world]'/minecraft:the_end
[13Aug2025 07:46:39.761] [Server thread/INFO] [net.minecraft.server.MinecraftServer/]: Saving chunks for level 'ServerLevel[world]'/deeperdarker:otherside
[13Aug2025 07:46:39.763] [Server thread/INFO] [net.minecraft.server.MinecraftServer/]: Saving chunks for level 'ServerLevel[world]'/mining_dimension:mining
[13Aug2025 07:46:39.764] [Server thread/INFO] [net.minecraft.server.MinecraftServer/]: Saving chunks for level 'ServerLevel[world]'/ad_astra:mercury
[13Aug2025 07:46:39.765] [Server thread/INFO] [net.minecraft.server.MinecraftServer/]: Saving chunks for level 'ServerLevel[world]'/ad_astra:moon
[13Aug2025 07:46:39.766] [Server thread/INFO] [net.minecraft.server.MinecraftServer/]: Saving chunks for level 'ServerLevel[world]'/ad_astra:venus_orbit
[13Aug2025 07:46:39.767] [Server thread/INFO] [net.minecraft.server.MinecraftServer/]: Saving chunks for level 'ServerLevel[world]'/ae2:spatial_storage
[13Aug2025 07:46:39.864] [Server thread/INFO] [net.minecraft.server.MinecraftServer/]: ThreadedAnvilChunkStorage (world): All chunks are saved
[13Aug2025 07:46:39.865] [Server thread/INFO] [net.minecraft.server.MinecraftServer/]: ThreadedAnvilChunkStorage (DIM-1): All chunks are saved
[13Aug2025 07:46:39.865] [Server thread/INFO] [net.minecraft.server.MinecraftServer/]: ThreadedAnvilChunkStorage (mercury_orbit): All chunks are saved
[13Aug2025 07:46:39.865] [Server thread/INFO] [net.minecraft.server.MinecraftServer/]: ThreadedAnvilChunkStorage (moon_orbit): All chunks are saved
[13Aug2025 07:46:39.865] [Server thread/INFO] [net.minecraft.server.MinecraftServer/]: ThreadedAnvilChunkStorage (glacio_orbit): All chunks are saved
[13Aug2025 07:46:39.865] [Server thread/INFO] [net.minecraft.server.MinecraftServer/]: ThreadedAnvilChunkStorage (mars): All chunks are saved
[13Aug2025 07:46:39.865] [Server thread/INFO] [net.minecraft.server.MinecraftServer/]: ThreadedAnvilChunkStorage (earth_orbit): All chunks are saved
[13Aug2025 07:46:39.865] [Server thread/INFO] [net.minecraft.server.MinecraftServer/]: ThreadedAnvilChunkStorage (venus): All chunks are saved
[13Aug2025 07:46:39.865] [Server thread/INFO] [net.minecraft.server.MinecraftServer/]: ThreadedAnvilChunkStorage (bowels): All chunks are saved
[13Aug2025 07:46:39.865] [Server thread/INFO] [net.minecraft.server.MinecraftServer/]: ThreadedAnvilChunkStorage (mars_orbit): All chunks are saved
[13Aug2025 07:46:39.865] [Server thread/INFO] [net.minecraft.server.MinecraftServer/]: ThreadedAnvilChunkStorage (glacio): All chunks are saved
[13Aug2025 07:46:39.865] [Server thread/INFO] [net.minecraft.server.MinecraftServer/]: ThreadedAnvilChunkStorage (crash_site): All chunks are saved
[13Aug2025 07:46:39.865] [Server thread/INFO] [net.minecraft.server.MinecraftServer/]: ThreadedAnvilChunkStorage (DIM1): All chunks are saved
[13Aug2025 07:46:39.866] [Server thread/INFO] [net.minecraft.server.MinecraftServer/]: ThreadedAnvilChunkStorage (otherside): All chunks are saved
[13Aug2025 07:46:39.866] [Server thread/INFO] [net.minecraft.server.MinecraftServer/]: ThreadedAnvilChunkStorage (mining): All chunks are saved
[13Aug2025 07:46:39.866] [Server thread/INFO] [net.minecraft.server.MinecraftServer/]: ThreadedAnvilChunkStorage (mercury): All chunks are saved
[13Aug2025 07:46:39.866] [Server thread/INFO] [net.minecraft.server.MinecraftServer/]: ThreadedAnvilChunkStorage (moon): All chunks are saved
[13Aug2025 07:46:39.866] [Server thread/INFO] [net.minecraft.server.MinecraftServer/]: ThreadedAnvilChunkStorage (venus_orbit): All chunks are saved
[13Aug2025 07:46:39.866] [Server thread/INFO] [net.minecraft.server.MinecraftServer/]: ThreadedAnvilChunkStorage (spatial_storage): All chunks are saved
[13Aug2025 07:46:39.866] [Server thread/INFO] [net.minecraft.server.MinecraftServer/]: ThreadedAnvilChunkStorage: All dimensions are saved
[13Aug2025 07:46:39.940] [Server thread/INFO] [FluxNetworks/Energy]: Energy blacklist loaded: 1 block entries, 0 item entries
